<?xml version="1.0" encoding="UTF-8"?>
<testsuite xmlns:xsi="http://www.w3.org/2001/XMLSchema-instance" xsi:noNamespaceSchemaLocation="https://maven.apache.org/surefire/maven-surefire-plugin/xsd/surefire-test-report.xsd" name="ScenarioControllerTest" time="0.563" tests="8" errors="0" skipped="0" failures="0">
  <properties>
[...]
</properties>
  <testcase name="testCountSteps" classname="ScenarioControllerTest" time="0.506"/>
  <testcase name="testAnalyzeScenario" classname="ScenarioControllerTest" time="0.006"/>
  <testcase name="testFindInvalidSteps" classname="ScenarioControllerTest" time="0.002"/>
  <testcase name="testSimplifyScenario" classname="ScenarioControllerTest" time="0.033"/>
  <testcase name="testGenerateNumberedScenario" classname="ScenarioControllerTest" time="0.002"/>
  <testcase name="testCountActors" classname="ScenarioControllerTest" time="0.001"/>
  <testcase name="testCountKeywordSteps" classname="ScenarioControllerTest" time="0.002"/>
  <testcase name="testUploadScenario" classname="ScenarioControllerTest" time="0.006"/>
</testsuite>